[2025-11-27T12:55:46.950Z] [LOG] ğŸ¯ Electron app is ready
[2025-11-27T12:55:46.950Z] [LOG] ğŸ“Œ isDev: false
[2025-11-27T12:55:46.950Z] [LOG] ğŸ“Œ __dirname: C:\Users\PC\AppData\Local\Temp\363vP7MXeEgjv8HJphnDvqye8wG\resources\app.asar\dist-electron
[2025-11-27T12:55:46.950Z] [LOG] ğŸ“Œ process.cwd(): C:\Users\PC\AppData\Local\Temp\363vP7MXeEgjv8HJphnDvqye8wG
[2025-11-27T12:55:46.950Z] [LOG] ğŸ“ Log file: C:\Users\PC\AppData\Roaming\pos-monitoring-system\logs\electron-2025-11-27T12-55-46-948Z.log
[2025-11-27T12:55:46.950Z] [LOG] ğŸ” Looking for server at: C:\Users\PC\AppData\Local\Temp\363vP7MXeEgjv8HJphnDvqye8wG\resources\server\index.cjs
[2025-11-27T12:55:46.950Z] [LOG]    Exists: true
[2025-11-27T12:55:46.950Z] [LOG] ğŸš€ Starting POS Monitoring Server...
[2025-11-27T12:55:46.950Z] [LOG] ğŸ“‚ App path: C:\Users\PC\AppData\Local\Temp\363vP7MXeEgjv8HJphnDvqye8wG\resources\app.asar
[2025-11-27T12:55:46.950Z] [LOG] ğŸ“‚ Resources path: C:\Users\PC\AppData\Local\Temp\363vP7MXeEgjv8HJphnDvqye8wG\resources
[2025-11-27T12:55:46.950Z] [LOG] ğŸ“‚ User data path: C:\Users\PC\AppData\Roaming\pos-monitoring-system
[2025-11-27T12:55:46.950Z] [LOG] ğŸ“‚ SQLite database: C:\Users\PC\AppData\Roaming\pos-monitoring-system\pos-system.db
[2025-11-27T12:55:46.950Z] [LOG] ğŸ“‚ Server path: C:\Users\PC\AppData\Local\Temp\363vP7MXeEgjv8HJphnDvqye8wG\resources\server\index.cjs
[2025-11-27T12:55:46.950Z] [LOG] ğŸ“¦ NODE_PATH: C:\Users\PC\AppData\Local\Temp\363vP7MXeEgjv8HJphnDvqye8wG\resources\node_modules
[2025-11-27T12:55:46.958Z] [LOG] âœ… Server process spawned
[2025-11-27T12:55:46.958Z] [LOG] â±ï¸  Waiting 5000ms for server to start...
[2025-11-27T12:55:47.379Z] [ERROR] [SERVER ERROR] node:internal/modules/cjs/loader:1393
  throw err;
  ^

Error: Cannot find module '@neondatabase/serverless'
Require stack:
- C:\Users\PC\AppData\Local\Temp\363vP7MXeEgjv8HJphnDvqye8wG\resources\server\index.cjs
    at Module._resolveFilename (node:internal/modules/cjs/loader:1390:15)
    at defaultResolveImpl (node:internal/modules/cjs/loader:1032:19)
    at resolveForCJSWithHooks (node:internal/modules/cjs/loader:1037:22)
    at Module._load (node:internal/modules/cjs/loader:1199:37)
    at c._load (node:electron/js2c/node_init:2:17993)
    at TracingChannel.traceSync (node:diagnostics_channel:322:14)
    at wrapModuleLoad (node:internal/modules/cjs/loader:244:24)
    at Module.require (node:internal/modules/cjs/loader:1470:12)
    at require (node:internal/modules/helpers:147:16)
    at server/db.ts (C:\Users\PC\AppData\Local\Temp\363vP7MXeEgjv8HJphnDvqye8wG\resources\server\index.cjs:40499:26) {
  code: 'MODULE_NOT_FOUND',
  requireStack: [
    'C:\\Users\\PC\\AppData\\Local\\Temp\\363vP7MXeEgjv8HJphnDvqye8wG\\resources\\server\\index.cjs'
  ]
}

Node.js v22.19.0
[2025-11-27T12:55:47.385Z] [ERROR] âŒ Server process exited with code 1, signal: null
