[2025-12-15T15:41:50.070Z] [LOG] ğŸ¯ Electron app is ready
[2025-12-15T15:41:50.070Z] [LOG] ğŸ“Œ isDev: false
[2025-12-15T15:41:50.070Z] [LOG] ğŸ“Œ __dirname: C:\Users\PC\AppData\Local\Temp\36t4k5V8SjfXiyp69G35FVV7IFt\resources\app\dist-electron
[2025-12-15T15:41:50.070Z] [LOG] ğŸ“Œ process.cwd(): C:\Users\PC\AppData\Local\Temp\36t4k5V8SjfXiyp69G35FVV7IFt
[2025-12-15T15:41:50.070Z] [LOG] ğŸ“ Log file: C:\Users\PC\AppData\Roaming\pos-monitoring-system\logs\electron-2025-12-15T15-41-50-068Z.log
[2025-12-15T15:41:50.071Z] [LOG] ğŸ” Looking for server at: C:\Users\PC\AppData\Local\Temp\36t4k5V8SjfXiyp69G35FVV7IFt\resources\server\index.cjs
[2025-12-15T15:41:50.071Z] [LOG]    Exists: true
[2025-12-15T15:41:50.071Z] [LOG] ğŸš€ Starting POS Monitoring Server...
[2025-12-15T15:41:50.071Z] [LOG] ğŸ“‚ App path: C:\Users\PC\AppData\Local\Temp\36t4k5V8SjfXiyp69G35FVV7IFt\resources\app
[2025-12-15T15:41:50.071Z] [LOG] ğŸ“‚ Resources path: C:\Users\PC\AppData\Local\Temp\36t4k5V8SjfXiyp69G35FVV7IFt\resources
[2025-12-15T15:41:50.071Z] [LOG] ğŸ“‚ User data path: C:\Users\PC\AppData\Roaming\pos-monitoring-system
[2025-12-15T15:41:50.071Z] [LOG] ğŸ“‚ SQLite database: C:\Users\PC\AppData\Roaming\pos-monitoring-system\pos-system.db
[2025-12-15T15:41:50.071Z] [LOG] ğŸ“‚ Server path: C:\Users\PC\AppData\Local\Temp\36t4k5V8SjfXiyp69G35FVV7IFt\resources\server\index.cjs
[2025-12-15T15:41:50.071Z] [LOG] ğŸ“¦ NODE_PATH: C:\Users\PC\AppData\Local\Temp\36t4k5V8SjfXiyp69G35FVV7IFt\resources\node_modules
[2025-12-15T15:41:50.079Z] [LOG] âœ… Server process spawned
[2025-12-15T15:41:50.079Z] [LOG] â³ Waiting for server to be ready (max 60s)...
[2025-12-15T15:41:50.445Z] [ERROR] [SERVER ERROR] node:internal/modules/cjs/loader:1393
  throw err;
  ^

Error: Cannot find module 'ws'
Require stack:
- C:\Users\PC\AppData\Local\Temp\36t4k5V8SjfXiyp69G35FVV7IFt\resources\server\index.cjs
    at Module._resolveFilename (node:internal/modules/cjs/loader:1390:15)
    at defaultResolveImpl (node:internal/modules/cjs/loader:1032:19)
    at resolveForCJSWithHooks (node:internal/modules/cjs/loader:1037:22)
    at Module._load (node:internal/modules/cjs/loader:1199:37)
    at c._load (node:electron/js2c/node_init:2:17993)
    at TracingChannel.traceSync (node:diagnostics_channel:322:14)
    at wrapModuleLoad (node:internal/modules/cjs/loader:244:24)
    at Module.require (node:internal/modules/cjs/loader:1470:12)
    at require (node:internal/modules/helpers:147:16)
    at Object.<anonymous> (C:\Users\PC\AppData\Local\Temp\36t4k5V8SjfXiyp69G35FVV7IFt\resources\server\index.cjs:36531:17) {
  code: 'MODULE_NOT_FOUND',
  requireStack: [
    'C:\\Users\\PC\\AppData\\Local\\Temp\\36t4k5V8SjfXiyp69G35FVV7IFt\\resources\\server\\index.cjs'
  ]
}

Node.js v22.19.0
[2025-12-15T15:41:50.449Z] [ERROR] âŒ Server process exited with code 1, signal: null
